During startup - Warning messages:
1: Setting LC_CTYPE failed, using "C" 
2: Setting LC_COLLATE failed, using "C" 
3: Setting LC_TIME failed, using "C" 
4: Setting LC_MESSAGES failed, using "C" 
5: Setting LC_MONETARY failed, using "C" 
6: Setting LC_PAPER failed, using "C" 
7: Setting LC_MEASUREMENT failed, using "C" 
Loading required package: minfi
Loading required package: BiocGenerics
Loading required package: parallel

Attaching package: 'BiocGenerics'

The following objects are masked from 'package:parallel':

    clusterApply, clusterApplyLB, clusterCall, clusterEvalQ,
    clusterExport, clusterMap, parApply, parCapply, parLapply,
    parLapplyLB, parRapply, parSapply, parSapplyLB

The following objects are masked from 'package:stats':

    IQR, mad, sd, var, xtabs

The following objects are masked from 'package:base':

    Filter, Find, Map, Position, Reduce, anyDuplicated, append,
    as.data.frame, basename, cbind, colnames, dirname, do.call,
    duplicated, eval, evalq, get, grep, grepl, intersect, is.unsorted,
    lapply, mapply, match, mget, order, paste, pmax, pmax.int, pmin,
    pmin.int, rank, rbind, rownames, sapply, setdiff, sort, table,
    tapply, union, unique, unsplit, which, which.max, which.min

Loading required package: GenomicRanges
Loading required package: stats4
Loading required package: S4Vectors

Attaching package: 'S4Vectors'

The following object is masked from 'package:base':

    expand.grid

Loading required package: IRanges
Loading required package: GenomeInfoDb
Loading required package: SummarizedExperiment
Loading required package: Biobase
Welcome to Bioconductor

    Vignettes contain introductory material; view with
    'browseVignettes()'. To cite Bioconductor, see
    'citation("Biobase")', and for packages 'citation("pkgname")'.

Loading required package: DelayedArray
Loading required package: matrixStats

Attaching package: 'matrixStats'

The following objects are masked from 'package:Biobase':

    anyMissing, rowMedians

Loading required package: BiocParallel

Attaching package: 'DelayedArray'

The following objects are masked from 'package:matrixStats':

    colMaxs, colMins, colRanges, rowMaxs, rowMins, rowRanges

The following objects are masked from 'package:base':

    aperm, apply, rowsum

Loading required package: Biostrings
Loading required package: XVector

Attaching package: 'Biostrings'

The following object is masked from 'package:base':

    strsplit

Loading required package: bumphunter
Loading required package: foreach
Loading required package: iterators
Loading required package: locfit
locfit 1.5-9.1 	 2013-03-22
Setting options('download.file.method.GEOquery'='auto')
Setting options('GEOquery.inmemory.gpl'=FALSE)
Loading required package: ChAMPdata
Loading required package: FEM
Loading required package: AnnotationDbi
Loading required package: Matrix

Attaching package: 'Matrix'

The following object is masked from 'package:S4Vectors':

    expand

Loading required package: marray
Loading required package: limma

Attaching package: 'limma'

The following object is masked from 'package:BiocGenerics':

    plotMA

Loading required package: corrplot
corrplot 0.84 loaded
Loading required package: igraph

Attaching package: 'igraph'

The following object is masked from 'package:Biostrings':

    union

The following objects are masked from 'package:DelayedArray':

    path, simplify

The following object is masked from 'package:GenomicRanges':

    union

The following object is masked from 'package:IRanges':

    union

The following object is masked from 'package:S4Vectors':

    union

The following objects are masked from 'package:BiocGenerics':

    normalize, path, union

The following objects are masked from 'package:stats':

    decompose, spectrum

The following object is masked from 'package:base':

    union

Loading required package: impute
Loading required package: org.Hs.eg.db

Loading required package: graph

Attaching package: 'graph'

The following objects are masked from 'package:igraph':

    degree, edges, intersection

The following object is masked from 'package:Biostrings':

    complement

Loading required package: DMRcate

Loading required package: Illumina450ProbeVariants.db
Loading required package: IlluminaHumanMethylationEPICmanifest
Loading required package: DT
No methods found in package 'RSQLite' for request: 'dbListFields' when loading 'lumi'
>> Package version 2.16.1 loaded <<
       ___ _      _   __  __ ___ 
      / __| |_   /_\ |  \/  | _ \
     | (__| ' \ / _ \| |\/| |  _/
      \___|_||_/_/ \_\_|  |_|_|  
      ------------------------------
    If you have any question or suggestion about ChAMP, please email to champ450k@gmail.com or tianyuan1991hit@gmail.com.
    ChAMP paper just get published on Bioconductor! ^_^

    Yuan Tian, Tiffany J Morris, Amy P Webster, Zhen Yang, Stephan Beck, Andrew Feber, Andrew E Teschendorff; ChAMP: updated methylation analysis pipeline for Illumina BeadChips, Bioinformatics, btx513, https://doi.org/10.1093/bioinformatics/btx513
     --------------------------

There were 20 warnings (use warnings() to see them)
